1,780,-21.0
2,762,-21.0
3,762,-21.0
4,1023,-19.0
5,917,-21.0
6,790,-21.0
7,819,-21.0
8,904,-20.0
9,1018,-19.0
10,946,-20.0
11,850,-21.0
12,882,-21.0
13,978,-19.0
14,996,-19.0
15,1142,-20.0
16,781,-21.0
17,841,-20.0
18,824,-21.0
19,930,-20.0
20,1140,-20.0
21,939,-21.0
22,878,-21.0
23,962,-20.0
24,1076,-20.0
25,902,-20.0
26,944,-21.0
27,1091,-18.0
28,858,-20.0
29,859,-20.0
30,954,-20.0
31,1039,-20.0
32,944,-21.0
33,1260,-20.0
34,1009,-19.0
35,762,-21.0
36,961,-20.0
37,869,-20.0
38,1076,-18.0
39,888,-20.0
40,781,-21.0
41,870,-21.0
42,890,-21.0
43,988,-20.0
44,901,-20.0
45,956,-20.0
46,851,-21.0
47,879,-21.0
48,840,-20.0
49,898,-20.0
50,841,-21.0
51,841,-21.0
52,802,-21.0
53,1092,-19.0
54,824,-21.0
55,809,-21.0
56,882,-20.0
57,781,-21.0
58,791,-21.0
59,977,-19.0
60,840,-20.0
61,796,-21.0
62,840,-20.0
63,762,-21.0
64,956,-21.0
65,822,-21.0
66,809,-21.0
67,822,-21.0
68,883,-21.0
69,882,-21.0
70,791,-21.0
71,818,-21.0
72,900,-20.0
73,1033,-18.0
74,790,-21.0
75,818,-21.0
76,1163,-18.0
77,762,-21.0
78,916,-21.0
79,836,-20.0
80,848,-21.0
81,910,-21.0
82,822,-21.0
83,840,-20.0
84,958,-21.0
85,781,-21.0
86,824,-21.0
87,780,-21.0
88,790,-21.0
89,822,-21.0
90,822,-21.0
91,910,-21.0
92,865,-21.0
93,762,-21.0
94,822,-21.0
95,822,-21.0
96,852,-21.0
97,790,-21.0
98,822,-21.0
99,790,-21.0
100,762,-21.0
101,791,-21.0
102,884,-21.0
103,762,-21.0
104,840,-20.0
105,822,-21.0
106,944,-21.0
107,762,-21.0
108,790,-21.0
109,943,-21.0
110,790,-21.0
111,850,-21.0
112,822,-21.0
113,762,-21.0
114,762,-21.0
115,838,-21.0
116,885,-21.0
117,781,-21.0
118,878,-21.0
119,790,-21.0
120,818,-21.0
121,762,-21.0
122,902,-20.0
123,822,-21.0
124,840,-20.0
125,790,-21.0
126,849,-21.0
127,790,-21.0
128,762,-21.0
129,818,-21.0
130,781,-21.0
131,870,-21.0
132,762,-21.0
133,790,-21.0
134,790,-21.0
135,840,-20.0
136,822,-21.0
137,836,-20.0
138,824,-21.0
139,824,-21.0
140,799,-21.0
141,880,-21.0
142,824,-21.0
143,790,-21.0
144,898,-21.0
145,1036,-21.0
146,822,-21.0
147,822,-21.0
148,1003,-21.0
149,884,-21.0
150,790,-21.0
151,823,-21.0
152,958,-20.0
153,956,-20.0
154,822,-21.0
155,940,-21.0
156,790,-21.0
157,947,-21.0
158,852,-21.0
159,919,-20.0
160,762,-21.0
161,836,-20.0
162,840,-20.0
163,836,-20.0
164,824,-21.0
165,988,-20.0
166,762,-21.0
167,781,-21.0
168,840,-20.0
169,822,-21.0
170,822,-21.0
171,822,-21.0
172,762,-21.0
173,984,-20.0
174,942,-21.0
175,836,-20.0
176,822,-21.0
177,822,-21.0
178,929,-20.0
179,799,-21.0
180,762,-21.0
181,824,-21.0
182,809,-21.0
183,780,-21.0
184,901,-21.0
185,843,-21.0
186,790,-21.0
187,762,-21.0
188,884,-21.0
189,802,-21.0
190,824,-21.0
191,896,-20.0
192,823,-21.0
193,781,-21.0
194,824,-21.0
195,852,-21.0
196,790,-21.0
197,852,-21.0
198,762,-21.0
199,790,-21.0
200,901,-21.0
201,781,-21.0
202,790,-21.0
203,970,-21.0
204,762,-21.0
205,850,-21.0
206,762,-21.0
207,762,-21.0
208,970,-21.0
209,944,-21.0
210,822,-21.0
211,790,-21.0
212,869,-20.0
213,762,-21.0
214,901,-21.0
215,762,-21.0
216,840,-21.0
217,762,-21.0
218,822,-21.0
219,808,-21.0
220,979,-20.0
221,790,-21.0
222,822,-21.0
223,902,-20.0
224,919,-20.0
225,762,-21.0
226,822,-21.0
227,840,-21.0
228,850,-21.0
229,762,-21.0
230,988,-21.0
231,850,-21.0
232,822,-21.0
233,824,-21.0
234,870,-21.0
235,824,-21.0
236,762,-21.0
237,1078,-20.0
238,762,-21.0
239,818,-21.0
240,878,-21.0
241,822,-21.0
242,762,-21.0
243,762,-21.0
244,822,-21.0
245,850,-21.0
246,822,-21.0
247,790,-21.0
248,822,-21.0
249,762,-21.0
250,762,-21.0
251,808,-21.0
252,850,-21.0
253,836,-20.0
254,790,-21.0
255,827,-21.0
256,762,-21.0
257,762,-21.0
258,824,-21.0
259,851,-21.0
260,790,-21.0
261,780,-21.0
262,918,-19.0
263,780,-21.0
264,822,-21.0
265,879,-21.0
266,824,-21.0
267,822,-21.0
268,790,-21.0
269,790,-21.0
270,790,-21.0
271,790,-21.0
272,780,-21.0
273,780,-21.0
274,762,-21.0
275,781,-21.0
276,822,-21.0
277,822,-21.0
278,818,-21.0
279,790,-21.0
280,790,-21.0
281,762,-21.0
282,780,-21.0
283,780,-21.0
284,762,-21.0
285,896,-20.0
286,762,-21.0
287,882,-21.0
288,762,-21.0
289,790,-21.0
290,850,-21.0
291,840,-20.0
292,810,-21.0
293,898,-20.0
294,910,-21.0
295,822,-21.0
296,762,-21.0
297,822,-21.0
298,762,-21.0
299,790,-21.0
300,850,-21.0
301,762,-21.0
302,852,-21.0
303,884,-21.0
304,762,-21.0
305,762,-21.0
306,762,-21.0
307,762,-21.0
308,762,-21.0
309,824,-21.0
310,884,-21.0
311,840,-20.0
312,868,-20.0
313,841,-21.0
314,850,-21.0
315,781,-21.0
316,762,-21.0
317,762,-21.0
318,762,-21.0
319,762,-21.0
320,790,-21.0
321,824,-21.0
322,902,-21.0
323,790,-21.0
324,762,-21.0
325,762,-21.0
326,790,-21.0
327,762,-21.0
328,809,-21.0
329,790,-21.0
330,862,-21.0
331,762,-21.0
332,878,-21.0
333,823,-21.0
334,822,-21.0
335,790,-21.0
336,781,-21.0
337,762,-21.0
338,762,-21.0
339,822,-21.0
340,780,-21.0
341,790,-21.0
342,850,-21.0
343,882,-21.0
344,944,-21.0
345,790,-21.0
346,790,-21.0
347,883,-21.0
348,948,-20.0
349,896,-20.0
350,841,-21.0
351,796,-21.0
352,897,-20.0
353,762,-21.0
354,840,-20.0
355,850,-21.0
356,762,-21.0
357,824,-21.0
358,836,-20.0
359,960,-20.0
360,822,-21.0
361,824,-21.0
362,850,-21.0
363,762,-21.0
364,861,-21.0
365,882,-21.0
366,762,-21.0
367,818,-21.0
368,882,-21.0
369,822,-21.0
370,822,-21.0
371,910,-21.0
372,824,-21.0
373,824,-21.0
374,822,-21.0
375,871,-21.0
376,822,-21.0
377,790,-21.0
378,762,-21.0
379,780,-21.0
380,762,-21.0
381,762,-21.0
382,842,-21.0
383,762,-21.0
384,840,-21.0
385,1023,-20.0
386,840,-20.0
387,824,-21.0
388,822,-21.0
389,850,-21.0
390,840,-20.0
391,762,-21.0
392,762,-21.0
393,900,-20.0
394,822,-21.0
395,884,-21.0
396,822,-21.0
397,824,-21.0
398,762,-21.0
399,896,-20.0
400,850,-21.0
401,823,-21.0
402,822,-21.0
403,822,-21.0
404,818,-21.0
405,762,-21.0
406,790,-21.0
407,762,-21.0
408,762,-21.0
409,790,-21.0
410,852,-21.0
411,762,-21.0
412,818,-21.0
413,824,-21.0
414,1033,-21.0
415,868,-21.0
416,762,-21.0
417,790,-21.0
418,822,-21.0
419,938,-21.0
420,884,-21.0
421,822,-21.0
422,790,-21.0
423,822,-21.0
424,823,-21.0
425,762,-21.0
426,1004,-21.0
427,822,-21.0
428,790,-21.0
429,824,-21.0
430,822,-21.0
431,822,-21.0
432,836,-20.0
433,790,-21.0
434,836,-20.0
435,790,-21.0
436,822,-21.0
437,790,-21.0
438,822,-21.0
439,810,-21.0
440,972,-21.0
441,882,-21.0
442,850,-21.0
443,808,-21.0
444,956,-20.0
445,836,-20.0
446,850,-21.0
447,872,-21.0
448,852,-21.0
449,822,-21.0
450,818,-21.0
451,762,-21.0
452,822,-21.0
453,790,-21.0
454,875,-20.0
455,762,-21.0
456,911,-21.0
457,824,-21.0
458,822,-21.0
459,762,-21.0
460,762,-21.0
461,932,-19.0
462,762,-21.0
463,1091,-21.0
464,942,-21.0
465,850,-21.0
466,790,-21.0
467,790,-21.0
468,762,-21.0
469,878,-21.0
470,762,-21.0
471,822,-21.0
472,880,-21.0
473,823,-21.0
474,762,-21.0
475,864,-20.0
476,852,-21.0
477,790,-21.0
478,762,-21.0
479,840,-20.0
480,762,-21.0
481,836,-20.0
482,762,-21.0
483,960,-20.0
484,790,-21.0
485,762,-21.0
486,850,-21.0
487,836,-20.0
488,884,-21.0
489,822,-21.0
490,882,-21.0
491,781,-21.0
492,883,-21.0
493,762,-21.0
494,836,-20.0
495,790,-21.0
496,790,-21.0
497,823,-21.0
498,901,-21.0
499,790,-21.0
500,781,-21.0
501,762,-21.0
502,854,-20.0
503,790,-21.0
504,762,-21.0
505,882,-21.0
506,762,-21.0
507,988,-20.0
508,790,-21.0
509,790,-21.0
510,790,-21.0
511,790,-21.0
512,790,-21.0
513,790,-21.0
514,822,-21.0
515,977,-20.0
516,824,-21.0
517,850,-21.0
518,852,-21.0
519,762,-21.0
520,790,-21.0
521,882,-21.0
522,818,-21.0
523,914,-20.0
524,840,-20.0
525,790,-21.0
526,878,-21.0
527,822,-21.0
528,781,-21.0
529,822,-21.0
530,762,-21.0
531,884,-21.0
532,882,-21.0
533,762,-21.0
534,822,-21.0
535,790,-21.0
536,790,-21.0
537,822,-21.0
538,762,-21.0
539,790,-21.0
540,762,-21.0
541,912,-20.0
542,824,-21.0
543,790,-21.0
544,762,-21.0
545,930,-21.0
546,850,-21.0
547,822,-21.0
548,884,-21.0
549,910,-21.0
550,762,-21.0
551,919,-20.0
552,883,-21.0
553,823,-21.0
554,762,-21.0
555,790,-21.0
556,823,-21.0
557,762,-21.0
558,762,-21.0
559,850,-21.0
560,790,-21.0
561,962,-21.0
562,762,-21.0
563,791,-21.0
564,850,-21.0
565,762,-21.0
566,762,-21.0
567,762,-21.0
568,850,-21.0
569,762,-21.0
570,762,-21.0
571,790,-21.0
572,790,-21.0
573,762,-21.0
574,824,-21.0
575,762,-21.0
576,780,-21.0
577,824,-21.0
578,850,-21.0
579,920,-21.0
580,921,-20.0
581,842,-21.0
582,885,-21.0
583,790,-21.0
584,999,-21.0
585,824,-21.0
586,884,-21.0
587,790,-21.0
588,800,-21.0
589,852,-21.0
590,762,-21.0
591,896,-20.0
592,762,-21.0
593,790,-21.0
594,790,-21.0
595,850,-21.0
596,790,-21.0
597,790,-21.0
598,884,-21.0
599,762,-21.0
600,882,-21.0
601,781,-21.0
602,762,-21.0
603,822,-21.0
604,884,-21.0
605,824,-21.0
606,822,-21.0
607,762,-21.0
608,840,-21.0
609,910,-21.0
610,850,-21.0
611,762,-21.0
612,762,-21.0
613,960,-20.0
614,824,-21.0
615,790,-21.0
616,762,-21.0
617,841,-21.0
618,924,-20.0
619,762,-21.0
620,822,-21.0
621,896,-20.0
622,822,-21.0
623,820,-21.0
624,836,-20.0
625,762,-21.0
626,938,-19.0
627,762,-21.0
628,841,-21.0
629,762,-21.0
630,762,-21.0
631,822,-21.0
632,850,-21.0
633,822,-21.0
634,790,-21.0
635,882,-21.0
636,900,-20.0
637,790,-21.0
638,818,-21.0
639,762,-21.0
640,790,-21.0
641,762,-21.0
642,822,-21.0
643,790,-21.0
644,790,-21.0
645,840,-20.0
646,762,-21.0
647,824,-21.0
648,924,-20.0
649,884,-20.0
650,818,-21.0
651,822,-21.0
652,762,-21.0
653,882,-21.0
654,781,-21.0
655,900,-20.0
656,851,-21.0
657,822,-21.0
658,790,-21.0
659,822,-21.0
660,762,-21.0
661,808,-21.0
662,901,-20.0
663,762,-21.0
664,809,-21.0
665,762,-21.0
666,822,-21.0
667,781,-21.0
668,762,-21.0
669,884,-21.0
670,762,-21.0
671,818,-21.0
672,868,-20.0
673,762,-21.0
674,850,-21.0
675,850,-21.0
676,824,-21.0
677,882,-21.0
678,822,-21.0
679,762,-21.0
680,762,-21.0
681,883,-21.0
682,840,-20.0
683,762,-21.0
684,809,-21.0
685,840,-20.0
686,818,-21.0
687,809,-21.0
688,762,-21.0
689,762,-21.0
690,790,-21.0
691,836,-20.0
692,809,-21.0
693,818,-21.0
694,781,-21.0
695,762,-21.0
696,822,-21.0
697,900,-21.0
698,822,-21.0
699,1004,-21.0
700,790,-21.0
701,867,-21.0
702,762,-21.0
703,850,-21.0
704,822,-21.0
705,790,-21.0
706,971,-21.0
707,823,-21.0
708,790,-21.0
709,900,-20.0
710,762,-21.0
711,790,-21.0
712,808,-21.0
713,780,-21.0
714,822,-21.0
715,762,-21.0
716,762,-21.0
717,762,-21.0
718,837,-21.0
719,836,-20.0
720,962,-21.0
721,823,-21.0
722,840,-20.0
723,822,-21.0
724,882,-21.0
725,820,-21.0
726,822,-21.0
727,942,-21.0
728,882,-21.0
729,824,-21.0
730,944,-21.0
731,822,-21.0
732,822,-21.0
733,762,-21.0
734,850,-21.0
735,790,-21.0
736,928,-20.0
737,822,-21.0
738,824,-21.0
739,790,-21.0
740,822,-21.0
741,790,-21.0
742,762,-21.0
743,762,-21.0
744,928,-20.0
745,790,-21.0
746,790,-21.0
747,762,-21.0
748,824,-21.0
749,836,-20.0
750,882,-21.0
751,762,-21.0
752,884,-21.0
753,762,-21.0
754,822,-21.0
755,977,-20.0
756,762,-21.0
757,762,-21.0
758,882,-21.0
759,822,-21.0
760,882,-21.0
761,1092,-21.0
762,790,-21.0
763,762,-21.0
764,762,-21.0
765,762,-21.0
766,824,-21.0
767,822,-21.0
768,762,-21.0
769,762,-21.0
770,868,-20.0
771,884,-21.0
772,790,-21.0
773,762,-21.0
774,790,-21.0
775,762,-21.0
776,781,-21.0
777,762,-21.0
778,824,-21.0
779,882,-21.0
780,762,-21.0
781,762,-21.0
782,762,-21.0
783,762,-21.0
784,822,-21.0
785,850,-21.0
786,850,-21.0
787,882,-21.0
788,904,-21.0
789,841,-20.0
790,790,-21.0
791,762,-21.0
792,762,-21.0
793,824,-21.0
794,851,-21.0
795,762,-21.0
796,790,-21.0
797,945,-21.0
798,958,-20.0
799,822,-21.0
800,822,-21.0
801,822,-21.0
802,824,-21.0
803,781,-21.0
804,790,-21.0
805,822,-21.0
806,990,-20.0
807,790,-21.0
808,824,-21.0
809,762,-21.0
810,957,-20.0
811,822,-21.0
812,884,-21.0
813,790,-21.0
814,840,-20.0
815,781,-21.0
816,790,-21.0
817,824,-21.0
818,824,-21.0
819,790,-21.0
820,762,-21.0
821,762,-21.0
822,824,-21.0
823,850,-21.0
824,762,-21.0
825,790,-21.0
826,762,-21.0
827,928,-21.0
828,762,-21.0
829,841,-21.0
830,781,-21.0
831,762,-21.0
832,917,-20.0
833,823,-21.0
834,836,-20.0
835,840,-20.0
836,836,-20.0
837,762,-21.0
838,850,-21.0
839,822,-21.0
840,790,-21.0
841,762,-21.0
842,790,-21.0
843,762,-21.0
844,790,-21.0
845,850,-21.0
846,762,-21.0
847,882,-21.0
848,850,-21.0
849,818,-21.0
850,762,-21.0
851,762,-21.0
852,762,-21.0
853,762,-21.0
854,762,-21.0
855,762,-21.0
856,879,-21.0
857,780,-21.0
858,910,-21.0
859,762,-21.0
860,790,-21.0
861,824,-21.0
862,790,-21.0
863,762,-21.0
864,911,-21.0
865,790,-21.0
866,835,-20.0
867,822,-21.0
868,809,-21.0
869,818,-21.0
870,791,-21.0
871,868,-20.0
872,790,-21.0
873,836,-20.0
874,790,-21.0
875,762,-21.0
876,762,-21.0
877,852,-21.0
878,780,-21.0
879,790,-21.0
880,878,-21.0
881,820,-21.0
882,822,-21.0
883,762,-21.0
884,790,-21.0
885,882,-21.0
886,822,-21.0
887,841,-21.0
888,878,-21.0
889,791,-21.0
890,762,-21.0
891,824,-21.0
892,822,-21.0
893,790,-21.0
894,762,-21.0
895,824,-21.0
896,852,-21.0
897,822,-21.0
898,1004,-21.0
899,762,-21.0
900,944,-21.0
901,762,-21.0
902,762,-21.0
903,882,-21.0
904,818,-21.0
905,822,-21.0
906,822,-21.0
907,882,-21.0
908,762,-21.0
909,852,-21.0
910,790,-21.0
911,932,-19.0
912,762,-21.0
913,762,-21.0
914,896,-20.0
915,762,-21.0
916,836,-20.0
917,762,-21.0
918,790,-21.0
919,896,-20.0
920,762,-21.0
921,822,-21.0
922,790,-21.0
923,790,-21.0
924,796,-21.0
925,790,-21.0
926,836,-20.0
927,762,-21.0
928,790,-21.0
929,822,-21.0
930,900,-20.0
931,790,-21.0
932,762,-21.0
933,836,-20.0
934,884,-21.0
935,840,-20.0
936,928,-20.0
937,762,-21.0
938,850,-21.0
939,790,-21.0
940,958,-21.0
941,823,-21.0
942,960,-20.0
943,882,-21.0
944,836,-20.0
945,822,-21.0
946,790,-21.0
947,790,-21.0
948,822,-21.0
949,822,-21.0
950,790,-21.0
951,869,-20.0
952,762,-21.0
953,910,-21.0
954,762,-21.0
955,824,-21.0
956,822,-21.0
957,790,-21.0
958,960,-20.0
959,790,-21.0
960,852,-21.0
961,790,-21.0
962,938,-21.0
963,883,-21.0
964,824,-21.0
965,762,-21.0
966,850,-21.0
967,850,-21.0
968,790,-21.0
969,822,-21.0
970,790,-21.0
971,878,-21.0
972,822,-21.0
973,840,-20.0
974,841,-20.0
975,824,-21.0
976,762,-21.0
977,790,-21.0
978,762,-21.0
979,884,-21.0
980,882,-21.0
981,818,-21.0
982,887,-20.0
983,762,-21.0
984,928,-20.0
985,762,-21.0
986,852,-21.0
987,762,-21.0
988,824,-21.0
989,836,-20.0
990,822,-21.0
991,899,-21.0
992,790,-21.0
993,823,-21.0
994,840,-20.0
995,912,-21.0
996,790,-21.0
997,818,-21.0
998,944,-21.0
999,822,-21.0
1000,822,-21.0
1001,928,-20.0
1002,896,-20.0
1003,840,-20.0
1004,822,-21.0
1005,930,-21.0
1006,822,-21.0
1007,762,-21.0
1008,762,-21.0
1009,808,-21.0
1010,781,-21.0
1011,824,-21.0
1012,822,-21.0
1013,903,-21.0
1014,762,-21.0
1015,790,-21.0
1016,762,-21.0
1017,808,-21.0
1018,870,-21.0
1019,762,-21.0
1020,824,-21.0
1021,790,-21.0
1022,790,-21.0
1023,790,-21.0
1024,822,-21.0
1025,852,-21.0
1026,898,-20.0
1027,882,-21.0
1028,781,-21.0
1029,822,-21.0
1030,914,-21.0
1031,822,-21.0
1032,882,-21.0
1033,882,-21.0
1034,824,-21.0
1035,938,-21.0
1036,790,-21.0
1037,850,-21.0
1038,790,-21.0
1039,762,-21.0
1040,884,-21.0
1041,762,-21.0
1042,824,-21.0
1043,822,-21.0
1044,762,-21.0
1045,818,-21.0
1046,762,-21.0
1047,790,-21.0
1048,822,-21.0
1049,762,-21.0
1050,840,-20.0
1051,882,-21.0
1052,790,-21.0
1053,850,-21.0
1054,790,-21.0
1055,792,-21.0
1056,882,-21.0
1057,824,-21.0
1058,900,-20.0
1059,790,-21.0
1060,790,-21.0
1061,790,-21.0
1062,1021,-20.0
1063,823,-21.0
1064,850,-21.0
1065,879,-21.0
1066,790,-21.0
1067,822,-21.0
1068,840,-20.0
1069,781,-21.0
1070,790,-21.0
1071,762,-21.0
1072,896,-20.0
1073,781,-21.0
1074,820,-21.0
1075,822,-21.0
1076,903,-21.0
1077,762,-21.0
1078,762,-21.0
1079,781,-21.0
1080,840,-20.0
1081,790,-21.0
1082,762,-21.0
1083,822,-21.0
1084,762,-21.0
1085,780,-21.0
1086,852,-21.0
1087,822,-21.0
1088,762,-21.0
1089,790,-21.0
1090,883,-20.0
1091,896,-20.0
1092,882,-21.0
1093,822,-21.0
1094,781,-21.0
1095,850,-21.0
1096,762,-21.0
1097,906,-21.0
1098,790,-21.0
1099,901,-20.0
1100,932,-19.0
1101,818,-21.0
1102,822,-21.0
1103,884,-21.0
1104,790,-21.0
1105,896,-20.0
1106,821,-21.0
1107,790,-21.0
1108,822,-21.0
1109,822,-21.0
1110,910,-21.0
1111,762,-21.0
1112,781,-21.0
1113,822,-21.0
1114,885,-21.0
1115,824,-21.0
1116,822,-21.0
1117,762,-21.0
1118,762,-21.0
1119,790,-21.0
1120,864,-20.0
1121,933,-19.0
1122,822,-21.0
1123,822,-21.0
1124,762,-21.0
1125,822,-21.0
1126,818,-21.0
1127,762,-21.0
1128,850,-21.0
1129,780,-21.0
1130,840,-21.0
1131,822,-21.0
1132,896,-20.0
1133,822,-21.0
1134,949,-20.0
1135,790,-21.0
1136,762,-21.0
1137,823,-21.0
1138,838,-21.0
1139,882,-21.0
1140,762,-21.0
1141,903,-21.0
1142,852,-21.0
1143,910,-21.0
1144,864,-20.0
1145,882,-21.0
1146,781,-21.0
1147,818,-21.0
1148,762,-21.0
1149,841,-20.0
1150,885,-21.0
1151,780,-21.0
1152,960,-20.0
1153,1015,-19.0
1154,884,-21.0
1155,850,-21.0
1156,820,-21.0
1157,790,-21.0
1158,762,-21.0
1159,818,-21.0
1160,762,-21.0
1161,836,-20.0
1162,762,-21.0
1163,900,-20.0
1164,808,-21.0
1165,850,-21.0
1166,846,-21.0
1167,762,-21.0
1168,822,-21.0
1169,762,-21.0
1170,790,-21.0
1171,790,-21.0
1172,840,-21.0
1173,762,-21.0
1174,781,-21.0
1175,930,-21.0
1176,762,-21.0
1177,836,-20.0
1178,809,-21.0
1179,790,-21.0
1180,762,-21.0
1181,882,-21.0
1182,818,-21.0
1183,762,-21.0
1184,790,-21.0
1185,790,-21.0
1186,910,-21.0
1187,780,-21.0
1188,762,-21.0
1189,974,-19.0
1190,790,-21.0
1191,790,-21.0
1192,810,-21.0
1193,841,-21.0
1194,822,-21.0
1195,762,-21.0
1196,818,-21.0
1197,781,-21.0
1198,840,-20.0
1199,762,-21.0
1200,762,-21.0
1201,840,-20.0
1202,878,-21.0
1203,762,-21.0
1204,790,-21.0
1205,762,-21.0
1206,762,-21.0
1207,762,-21.0
1208,840,-20.0
1209,929,-21.0
1210,790,-21.0
1211,822,-21.0
1212,851,-21.0
1213,790,-21.0
1214,790,-21.0
1215,852,-21.0
1216,850,-21.0
1217,883,-21.0
1218,943,-21.0
1219,822,-21.0
1220,790,-21.0
1221,822,-21.0
1222,818,-21.0
1223,882,-21.0
1224,790,-21.0
1225,840,-20.0
1226,910,-21.0
1227,822,-21.0
1228,762,-21.0
1229,824,-21.0
1230,871,-21.0
1231,1021,-21.0
1232,823,-21.0
1233,850,-21.0
1234,900,-20.0
1235,762,-21.0
1236,762,-21.0
1237,824,-21.0
1238,781,-21.0
1239,762,-21.0
1240,942,-21.0
1241,762,-21.0
1242,822,-21.0
1243,762,-21.0
1244,790,-21.0
1245,790,-21.0
1246,824,-21.0
1247,824,-21.0
1248,824,-21.0
1249,882,-21.0
1250,790,-21.0
1251,762,-21.0
1252,840,-20.0
1253,822,-21.0
1254,850,-21.0
1255,790,-21.0
1256,882,-21.0
1257,824,-21.0
1258,790,-21.0
1259,850,-21.0
1260,762,-21.0
1261,836,-20.0
1262,851,-21.0
1263,762,-21.0
1264,790,-21.0
1265,822,-21.0
1266,762,-21.0
1267,822,-21.0
1268,780,-21.0
1269,780,-21.0
1270,790,-21.0
1271,852,-21.0
1272,790,-21.0
1273,886,-20.0
1274,790,-21.0
1275,836,-20.0
1276,882,-21.0
1277,840,-20.0
1278,762,-21.0
1279,781,-21.0
1280,822,-21.0
1281,790,-21.0
1282,762,-21.0
1283,848,-21.0
1284,824,-21.0
1285,824,-21.0
1286,762,-21.0
1287,836,-20.0
1288,822,-21.0
1289,884,-21.0
1290,818,-21.0
1291,790,-21.0
1292,781,-21.0
1293,762,-21.0
1294,841,-21.0
1295,762,-21.0
1296,762,-21.0
1297,828,-21.0
1298,824,-21.0
1299,790,-21.0
1300,836,-20.0
1301,852,-21.0
1302,762,-21.0
1303,822,-21.0
1304,762,-21.0
1305,822,-21.0
1306,853,-21.0
1307,882,-21.0
1308,790,-21.0
1309,824,-21.0
1310,840,-21.0
1311,781,-21.0
1312,780,-21.0
1313,818,-21.0
1314,840,-20.0
1315,822,-21.0
1316,850,-21.0
1317,790,-21.0
1318,790,-21.0
1319,762,-21.0
1320,762,-21.0
1321,822,-21.0
1322,836,-20.0
1323,822,-21.0
1324,896,-20.0
1325,850,-21.0
1326,840,-20.0
1327,842,-21.0
1328,818,-21.0
1329,882,-21.0
1330,790,-21.0
1331,893,-20.0
1332,882,-21.0
1333,942,-21.0
1334,850,-21.0
1335,790,-21.0
1336,762,-21.0
1337,819,-21.0
1338,790,-21.0
1339,762,-21.0
1340,882,-21.0
1341,942,-21.0
1342,790,-21.0
1343,822,-21.0
1344,841,-21.0
1345,836,-20.0
1346,910,-21.0
1347,900,-20.0
1348,882,-21.0
1349,929,-21.0
1350,882,-21.0
1351,884,-21.0
1352,762,-21.0
1353,824,-21.0
1354,790,-21.0
1355,865,-21.0
1356,822,-21.0
1357,822,-21.0
1358,762,-21.0
1359,840,-20.0
1360,822,-21.0
1361,850,-21.0
1362,882,-21.0
1363,822,-21.0
1364,790,-21.0
1365,850,-21.0
1366,840,-21.0
1367,822,-21.0
1368,1032,-21.0
1369,901,-21.0
1370,900,-20.0
1371,762,-21.0
1372,762,-21.0
1373,852,-21.0
1374,883,-21.0
1375,942,-21.0
1376,944,-21.0
1377,762,-21.0
1378,822,-21.0
1379,790,-21.0
1380,822,-21.0
1381,852,-21.0
1382,911,-21.0
1383,850,-21.0
1384,989,-21.0
1385,790,-21.0
1386,882,-21.0
1387,884,-21.0
1388,878,-21.0
1389,822,-21.0
1390,762,-21.0
1391,882,-21.0
1392,762,-21.0
1393,790,-21.0
1394,970,-21.0
1395,822,-21.0
1396,790,-21.0
1397,762,-21.0
1398,790,-21.0
1399,901,-21.0
1400,762,-21.0
1401,781,-21.0
1402,840,-20.0
1403,822,-21.0
1404,882,-21.0
1405,900,-21.0
1406,1007,-20.0
1407,822,-21.0
1408,823,-21.0
1409,822,-21.0
1410,762,-21.0
1411,790,-21.0
1412,850,-21.0
1413,882,-21.0
1414,850,-21.0
1415,790,-21.0
1416,960,-20.0
1417,822,-21.0
1418,868,-20.0
1419,781,-21.0
1420,836,-20.0
1421,790,-21.0
1422,790,-21.0
1423,790,-21.0
1424,840,-20.0
1425,790,-21.0
1426,850,-21.0
1427,762,-21.0
1428,762,-21.0
1429,888,-20.0
1430,850,-21.0
1431,850,-21.0
1432,762,-21.0
1433,824,-21.0
1434,822,-21.0
1435,790,-21.0
1436,762,-21.0
1437,840,-20.0
1438,780,-21.0
1439,790,-21.0
1440,822,-21.0
1441,945,-21.0
1442,850,-21.0
1443,823,-21.0
1444,904,-20.0
1445,840,-20.0
1446,762,-21.0
1447,824,-21.0
1448,762,-21.0
1449,781,-21.0
1450,900,-20.0
1451,841,-21.0
1452,818,-21.0
1453,822,-21.0
1454,762,-21.0
1455,790,-21.0
1456,900,-20.0
1457,762,-21.0
1458,790,-21.0
1459,822,-21.0
1460,836,-20.0
1461,823,-21.0
1462,822,-21.0
1463,850,-21.0
1464,762,-21.0
1465,822,-21.0
1466,790,-21.0
1467,882,-21.0
1468,850,-21.0
1469,824,-21.0
1470,850,-21.0
1471,809,-21.0
1472,840,-21.0
1473,762,-21.0
1474,850,-21.0
1475,822,-21.0
1476,846,-21.0
1477,762,-21.0
1478,943,-21.0
1479,882,-21.0
1480,762,-21.0
1481,884,-21.0
1482,868,-20.0
1483,762,-21.0
1484,781,-21.0
1485,762,-21.0
1486,954,-20.0
1487,880,-21.0
1488,824,-21.0
1489,762,-21.0
1490,822,-21.0
1491,846,-21.0
1492,882,-21.0
1493,840,-20.0
1494,790,-21.0
1495,850,-21.0
1496,864,-20.0
1497,818,-21.0
1498,912,-21.0
1499,850,-21.0
1500,790,-21.0
1501,762,-21.0
1502,942,-21.0
1503,910,-21.0
1504,919,-20.0
1505,882,-21.0
1506,910,-21.0
1507,910,-21.0
1508,822,-21.0
1509,910,-21.0
1510,762,-21.0
1511,850,-21.0
1512,822,-21.0
1513,792,-21.0
1514,790,-21.0
1515,790,-21.0
1516,884,-21.0
1517,822,-21.0
1518,840,-20.0
1519,900,-20.0
1520,790,-21.0
1521,762,-21.0
1522,790,-21.0
1523,910,-21.0
1524,762,-21.0
1525,808,-21.0
1526,882,-21.0
1527,790,-21.0
1528,850,-21.0
1529,790,-21.0
1530,822,-21.0
1531,850,-21.0
1532,790,-21.0
1533,790,-21.0
1534,790,-21.0
1535,850,-21.0
1536,790,-21.0
1537,781,-21.0
1538,822,-21.0
1539,822,-21.0
1540,850,-21.0
1541,822,-21.0
1542,850,-21.0
1543,942,-21.0
1544,822,-21.0
1545,790,-21.0
1546,762,-21.0
1547,762,-21.0
1548,762,-21.0
1549,781,-21.0
1550,864,-20.0
1551,762,-21.0
1552,840,-20.0
1553,868,-20.0
1554,762,-21.0
1555,790,-21.0
1556,790,-21.0
1557,790,-21.0
1558,824,-21.0
1559,928,-21.0
1560,824,-21.0
1561,954,-21.0
1562,762,-21.0
1563,790,-21.0
1564,824,-21.0
1565,1000,-21.0
1566,956,-20.0
1567,822,-21.0
1568,864,-20.0
1569,780,-21.0
1570,762,-21.0
1571,790,-21.0
1572,822,-21.0
1573,822,-21.0
1574,790,-21.0
1575,822,-21.0
1576,762,-21.0
1577,822,-21.0
1578,884,-21.0
1579,823,-21.0
1580,910,-21.0
1581,864,-20.0
1582,790,-21.0
1583,823,-21.0
1584,869,-21.0
1585,938,-20.0
1586,762,-21.0
1587,822,-21.0
1588,868,-20.0
1589,822,-21.0
1590,790,-21.0
1591,851,-21.0
1592,790,-21.0
1593,762,-21.0
1594,840,-20.0
1595,910,-21.0
1596,820,-21.0
1597,940,-21.0
1598,762,-21.0
1599,843,-21.0
1600,850,-21.0
1601,762,-21.0
1602,824,-21.0
1603,762,-21.0
1604,850,-21.0
1605,878,-21.0
1606,850,-21.0
1607,762,-21.0
1608,790,-21.0
1609,762,-21.0
1610,762,-21.0
1611,823,-21.0
1612,781,-21.0
1613,780,-21.0
1614,790,-21.0
1615,903,-21.0
1616,957,-20.0
1617,762,-21.0
1618,824,-21.0
1619,850,-21.0
1620,822,-21.0
1621,762,-21.0
1622,762,-21.0
1623,780,-21.0
1624,850,-21.0
1625,790,-21.0
1626,912,-21.0
1627,843,-21.0
1628,850,-21.0
1629,790,-21.0
1630,973,-21.0
1631,910,-21.0
1632,944,-21.0
1633,809,-21.0
1634,837,-21.0
1635,864,-20.0
1636,840,-20.0
1637,836,-20.0
1638,840,-20.0
1639,935,-19.0
1640,836,-20.0
1641,790,-21.0
1642,840,-21.0
1643,762,-21.0
1644,836,-20.0
1645,823,-21.0
1646,790,-21.0
1647,790,-21.0
1648,790,-21.0
1649,762,-21.0
1650,780,-21.0
1651,944,-21.0
1652,818,-21.0
1653,850,-21.0
1654,868,-20.0
1655,781,-21.0
1656,822,-21.0
1657,819,-21.0
1658,836,-20.0
1659,928,-20.0
1660,822,-21.0
1661,762,-21.0
1662,822,-21.0
1663,883,-21.0
1664,762,-21.0
1665,762,-21.0
1666,790,-21.0
1667,1050,-20.0
1668,882,-21.0
1669,884,-21.0
1670,822,-21.0
1671,896,-20.0
1672,910,-21.0
1673,790,-21.0
1674,822,-21.0
1675,822,-21.0
1676,912,-21.0
1677,762,-21.0
1678,822,-21.0
1679,762,-21.0
1680,850,-21.0
1681,762,-21.0
1682,762,-21.0
1683,762,-21.0
1684,799,-21.0
1685,900,-20.0
1686,762,-21.0
1687,790,-21.0
1688,878,-21.0
1689,790,-21.0
1690,790,-21.0
1691,840,-20.0
1692,790,-21.0
1693,840,-20.0
1694,837,-21.0
1695,762,-21.0
1696,762,-21.0
1697,836,-20.0
1698,822,-21.0
1699,781,-21.0
1700,919,-20.0
1701,822,-21.0
1702,931,-20.0
1703,762,-21.0
1704,790,-21.0
1705,819,-21.0
1706,762,-21.0
1707,868,-20.0
1708,822,-21.0
1709,762,-21.0
1710,790,-21.0
1711,898,-20.0
1712,900,-20.0
1713,762,-21.0
1714,902,-21.0
1715,910,-21.0
1716,836,-20.0
1717,850,-21.0
1718,973,-20.0
1719,824,-21.0
1720,781,-21.0
1721,790,-21.0
1722,823,-21.0
1723,822,-21.0
1724,824,-21.0
1725,823,-21.0
1726,762,-21.0
1727,790,-21.0
1728,790,-21.0
1729,882,-21.0
1730,997,-21.0
1731,790,-21.0
1732,824,-21.0
1733,836,-20.0
1734,871,-21.0
1735,790,-21.0
1736,883,-21.0
1737,960,-20.0
1738,900,-20.0
1739,836,-20.0
1740,822,-21.0
1741,882,-20.0
1742,1058,-21.0
1743,762,-21.0
1744,762,-21.0
1745,822,-21.0
1746,939,-20.0
1747,790,-21.0
1748,910,-21.0
1749,852,-21.0
1750,790,-21.0
1751,790,-21.0
1752,896,-20.0
1753,762,-21.0
1754,790,-21.0
1755,790,-21.0
1756,762,-21.0
1757,790,-21.0
1758,824,-21.0
1759,822,-21.0
1760,822,-21.0
1761,822,-21.0
1762,824,-21.0
1763,824,-21.0
1764,822,-21.0
1765,762,-21.0
1766,762,-21.0
1767,790,-21.0
1768,822,-21.0
1769,762,-21.0
1770,790,-21.0
1771,762,-21.0
1772,850,-21.0
1773,822,-21.0
1774,790,-21.0
1775,790,-21.0
1776,790,-21.0
1777,762,-21.0
1778,840,-20.0
1779,762,-21.0
1780,790,-21.0
1781,956,-20.0
1782,781,-21.0
1783,781,-21.0
1784,942,-20.0
1785,762,-21.0
1786,822,-21.0
1787,790,-21.0
1788,841,-20.0
1789,911,-21.0
1790,790,-21.0
1791,822,-21.0
1792,762,-21.0
1793,762,-21.0
1794,840,-20.0
1795,762,-21.0
1796,822,-21.0
1797,884,-21.0
1798,882,-21.0
1799,762,-21.0
1800,824,-21.0
1801,790,-21.0
1802,790,-21.0
1803,762,-21.0
1804,762,-21.0
1805,886,-21.0
1806,790,-21.0
1807,850,-21.0
1808,790,-21.0
1809,762,-21.0
1810,836,-20.0
1811,822,-21.0
1812,822,-21.0
1813,808,-21.0
1814,885,-20.0
1815,823,-21.0
1816,790,-21.0
1817,762,-21.0
1818,824,-21.0
1819,824,-21.0
1820,887,-20.0
1821,790,-21.0
1822,790,-21.0
1823,956,-20.0
1824,822,-21.0
1825,790,-21.0
1826,762,-21.0
1827,790,-21.0
1828,824,-21.0
1829,790,-21.0
1830,780,-21.0
1831,762,-21.0
1832,790,-21.0
1833,762,-21.0
1834,822,-21.0
1835,882,-21.0
1836,840,-20.0
1837,790,-21.0
1838,762,-21.0
1839,762,-21.0
1840,790,-21.0
1841,822,-21.0
1842,910,-21.0
1843,822,-21.0
1844,879,-21.0
1845,824,-21.0
1846,822,-21.0
1847,780,-21.0
1848,942,-21.0
1849,822,-21.0
1850,762,-21.0
1851,883,-21.0
1852,762,-21.0
1853,884,-21.0
1854,781,-21.0
1855,824,-21.0
1856,820,-21.0
1857,762,-21.0
1858,850,-21.0
1859,822,-21.0
1860,836,-20.0
1861,762,-21.0
1862,840,-20.0
1863,942,-21.0
1864,870,-21.0
1865,762,-21.0
1866,822,-21.0
1867,822,-21.0
1868,822,-21.0
1869,790,-21.0
1870,822,-21.0
1871,818,-21.0
1872,911,-21.0
1873,942,-21.0
1874,781,-21.0
1875,822,-21.0
1876,822,-21.0
1877,920,-21.0
1878,840,-21.0
1879,791,-21.0
1880,790,-21.0
1881,762,-21.0
1882,790,-21.0
1883,762,-21.0
1884,924,-20.0
1885,822,-21.0
1886,822,-21.0
1887,762,-21.0
1888,822,-21.0
1889,944,-21.0
1890,1032,-21.0
1891,822,-21.0
1892,762,-21.0
1893,822,-21.0
1894,762,-21.0
1895,822,-21.0
1896,1063,-21.0
1897,822,-21.0
1898,762,-21.0
1899,762,-21.0
1900,910,-21.0
1901,822,-21.0
1902,762,-21.0
1903,824,-21.0
1904,762,-21.0
1905,850,-21.0
1906,822,-21.0
1907,790,-21.0
1908,790,-21.0
1909,822,-21.0
1910,868,-20.0
1911,824,-21.0
1912,882,-21.0
1913,882,-21.0
1914,822,-21.0
1915,882,-21.0
1916,822,-21.0
1917,822,-21.0
1918,790,-21.0
1919,880,-21.0
1920,882,-21.0
1921,762,-21.0
1922,790,-21.0
1923,822,-21.0
1924,818,-21.0
1925,790,-21.0
1926,870,-21.0
1927,929,-20.0
1928,822,-21.0
1929,790,-21.0
1930,843,-21.0
1931,824,-21.0
1932,790,-21.0
1933,818,-21.0
1934,790,-21.0
1935,762,-21.0
1936,887,-20.0
1937,900,-20.0
1938,809,-21.0
1939,822,-21.0
1940,762,-21.0
1941,882,-21.0
1942,790,-21.0
1943,822,-21.0
1944,850,-21.0
1945,762,-21.0
1946,790,-21.0
1947,823,-21.0
1948,884,-21.0
1949,781,-21.0
1950,1023,-21.0
1951,822,-21.0
1952,822,-21.0
1953,850,-21.0
1954,822,-21.0
1955,762,-21.0
1956,824,-21.0
1957,818,-21.0
1958,790,-21.0
1959,790,-21.0
1960,762,-21.0
1961,840,-20.0
1962,907,-20.0
1963,948,-21.0
1964,781,-21.0
1965,780,-21.0
1966,790,-21.0
1967,896,-20.0
1968,975,-20.0
1969,762,-21.0
1970,790,-21.0
1971,808,-21.0
1972,762,-21.0
1973,902,-21.0
1974,868,-21.0
1975,911,-21.0
1976,790,-21.0
1977,850,-21.0
1978,790,-21.0
1979,822,-21.0
1980,762,-21.0
1981,781,-21.0
1982,823,-21.0
1983,850,-21.0
1984,762,-21.0
1985,824,-21.0
1986,822,-21.0
1987,790,-21.0
1988,790,-21.0
1989,808,-21.0
1990,790,-21.0
1991,876,-20.0
1992,790,-21.0
1993,818,-21.0
1994,781,-21.0
1995,818,-21.0
1996,906,-21.0
1997,790,-21.0
1998,762,-21.0
1999,818,-21.0
2000,809,-21.0
2001,882,-21.0
2002,882,-21.0
2003,762,-21.0
2004,762,-21.0
2005,822,-21.0
2006,762,-21.0
2007,888,-21.0
2008,957,-20.0
2009,876,-20.0
2010,790,-21.0
2011,824,-21.0
2012,850,-21.0
2013,762,-21.0
2014,762,-21.0
2015,822,-21.0
2016,856,-21.0
2017,790,-21.0
2018,884,-21.0
2019,850,-21.0
2020,973,-20.0
2021,762,-21.0
2022,882,-21.0
2023,896,-20.0
2024,884,-21.0
2025,762,-21.0
2026,762,-21.0
2027,822,-21.0
2028,1006,-20.0
2029,790,-21.0
2030,790,-21.0
2031,822,-21.0
2032,868,-20.0
2033,901,-21.0
2034,942,-21.0
2035,836,-20.0
2036,850,-21.0
2037,762,-21.0
2038,818,-21.0
2039,850,-21.0
2040,850,-21.0
2041,838,-21.0
2042,790,-21.0
2043,822,-21.0
2044,762,-21.0
2045,881,-21.0
2046,828,-21.0
2047,910,-21.0
2048,940,-21.0
2049,879,-21.0
2050,781,-21.0
2051,822,-21.0
2052,884,-21.0
2053,819,-21.0
2054,852,-21.0
2055,790,-21.0
2056,762,-21.0
2057,790,-21.0
2058,762,-21.0
2059,762,-21.0
2060,840,-20.0
2061,762,-21.0
2062,762,-21.0
2063,790,-21.0
2064,884,-21.0
2065,898,-20.0
2066,824,-21.0
2067,901,-21.0
2068,841,-21.0
2069,791,-21.0
2070,790,-21.0
2071,836,-20.0
2072,790,-21.0
2073,822,-21.0
2074,790,-21.0
2075,790,-21.0
2076,790,-21.0
2077,850,-21.0
2078,762,-21.0
2079,790,-21.0
2080,920,-20.0
2081,822,-21.0
2082,945,-21.0
2083,1032,-21.0
2084,822,-21.0
2085,822,-21.0
2086,790,-21.0
2087,822,-21.0
2088,897,-21.0
2089,790,-21.0
2090,824,-21.0
2091,818,-21.0
2092,818,-21.0
2093,762,-21.0
2094,780,-21.0
2095,942,-21.0
2096,762,-21.0
2097,850,-21.0
2098,836,-20.0
2099,762,-21.0
2100,885,-20.0
2101,790,-21.0
2102,790,-21.0
2103,824,-21.0
2104,896,-20.0
2105,852,-21.0
2106,762,-21.0
2107,902,-21.0
2108,790,-21.0
2109,864,-20.0
2110,822,-21.0
2111,822,-21.0
2112,850,-21.0
2113,824,-21.0
2114,827,-21.0
2115,822,-21.0
2116,762,-21.0
2117,902,-20.0
2118,899,-20.0
2119,896,-20.0
2120,762,-21.0
2121,822,-21.0
2122,818,-21.0
2123,762,-21.0
2124,856,-21.0
2125,852,-21.0
2126,836,-20.0
2127,762,-21.0
2128,762,-21.0
2129,781,-21.0
2130,790,-21.0
2131,878,-21.0
2132,762,-21.0
2133,781,-21.0
2134,762,-21.0
2135,901,-21.0
2136,818,-21.0
2137,780,-21.0
2138,790,-21.0
2139,800,-21.0
2140,781,-21.0
2141,762,-21.0
2142,850,-21.0
2143,780,-21.0
2144,882,-21.0
2145,822,-21.0
2146,822,-21.0
2147,762,-21.0
2148,790,-21.0
2149,762,-21.0
2150,836,-20.0
2151,790,-21.0
2152,762,-21.0
2153,824,-21.0
2154,868,-20.0
2155,762,-21.0
2156,840,-21.0
2157,869,-21.0
2158,824,-21.0
2159,762,-21.0
2160,824,-21.0
2161,944,-21.0
2162,836,-20.0
2163,883,-21.0
2164,762,-21.0
2165,822,-21.0
2166,762,-21.0
2167,836,-20.0
2168,852,-21.0
2169,762,-21.0
2170,823,-21.0
2171,823,-21.0
2172,762,-21.0
2173,924,-20.0
2174,762,-21.0
2175,762,-21.0
2176,762,-21.0
2177,762,-21.0
2178,762,-21.0
2179,790,-21.0
2180,762,-21.0
2181,822,-21.0
2182,762,-21.0
2183,850,-21.0
2184,912,-21.0
2185,762,-21.0
2186,781,-21.0
2187,869,-21.0
2188,790,-21.0
2189,762,-21.0
2190,819,-21.0
2191,822,-21.0
2192,822,-21.0
2193,836,-20.0
2194,762,-21.0
2195,790,-21.0
2196,792,-21.0
2197,886,-21.0
2198,883,-21.0
2199,822,-21.0
2200,762,-21.0
2201,824,-21.0
2202,852,-21.0
2203,822,-21.0
2204,762,-21.0
2205,762,-21.0
2206,781,-21.0
2207,762,-21.0
2208,824,-21.0
2209,762,-21.0
2210,824,-21.0
2211,762,-21.0
2212,762,-21.0
2213,822,-21.0
2214,824,-21.0
2215,877,-20.0
2216,790,-21.0
2217,762,-21.0
2218,790,-21.0
2219,790,-21.0
2220,790,-21.0
2221,818,-21.0
2222,762,-21.0
2223,790,-21.0
2224,824,-21.0
2225,762,-21.0
2226,836,-20.0
2227,818,-21.0
2228,836,-20.0
2229,836,-20.0
2230,762,-21.0
2231,798,-21.0
2232,902,-20.0
2233,762,-21.0
2234,880,-21.0
2235,780,-21.0
2236,762,-21.0
2237,850,-21.0
2238,824,-21.0
2239,762,-21.0
2240,762,-21.0
2241,780,-21.0
2242,762,-21.0
2243,790,-21.0
2244,928,-20.0
2245,850,-21.0
2246,822,-21.0
2247,762,-21.0
2248,840,-21.0
2249,824,-21.0
2250,822,-21.0
2251,822,-21.0
2252,870,-21.0
2253,822,-21.0
2254,850,-21.0
2255,822,-21.0
2256,841,-21.0
2257,790,-21.0
2258,762,-21.0
2259,762,-21.0
2260,818,-21.0
2261,853,-21.0
2262,824,-21.0
2263,762,-21.0
2264,824,-21.0
2265,800,-21.0
2266,818,-21.0
2267,823,-21.0
2268,944,-21.0
2269,762,-21.0
2270,762,-21.0
2271,762,-21.0
2272,937,-20.0
2273,790,-21.0
2274,762,-21.0
2275,836,-20.0
2276,850,-21.0
2277,790,-21.0
2278,937,-19.0
2279,790,-21.0
2280,836,-20.0
2281,762,-21.0
2282,762,-21.0
2283,824,-21.0
2284,762,-21.0
2285,870,-21.0
2286,822,-21.0
2287,824,-21.0
2288,791,-21.0
2289,781,-21.0
2290,762,-21.0
2291,762,-21.0
2292,850,-21.0
2293,762,-21.0
2294,818,-21.0
2295,841,-21.0
2296,790,-21.0
2297,822,-21.0
2298,762,-21.0
2299,762,-21.0
2300,762,-21.0
2301,762,-21.0
2302,762,-21.0
2303,822,-21.0
2304,790,-21.0
2305,912,-21.0
2306,790,-21.0
2307,822,-21.0
2308,790,-21.0
2309,822,-21.0
2310,762,-21.0
2311,885,-21.0
2312,840,-20.0
2313,822,-21.0
2314,822,-21.0
